<?xml version="1.0" encoding="UTF-8"?>
<testsuite name="kopo.ac.kr.cargudock.repository.MemberRepositoryTest" tests="1" skipped="0" failures="0" errors="0" timestamp="2023-09-06T05:46:13" hostname="DESKTOP-URSOSG5" time="1.581">
  <properties/>
  <testcase name="insertMembers()" classname="kopo.ac.kr.cargudock.repository.MemberRepositoryTest" time="1.581"/>
  <system-out><![CDATA[14:46:08.032 [Test worker] INFO org.springframework.test.context.support.AnnotationConfigContextLoaderUtils -- Could not detect default configuration classes for test class [kopo.ac.kr.cargudock.repository.MemberRepositoryTest]: MemberRepositoryTest does not declare any static, non-private, non-final, nested classes annotated with @Configuration.
14:46:08.171 [Test worker] INFO org.springframework.boot.test.context.SpringBootTestContextBootstrapper -- Found @SpringBootConfiguration kopo.ac.kr.cargudock.CarGudockApplication for test class kopo.ac.kr.cargudock.repository.MemberRepositoryTest

  .   ____          _            __ _ _
 /\\ / ___'_ __ _ _(_)_ __  __ _ \ \ \ \
( ( )\___ | '_ | '_| | '_ \/ _` | \ \ \ \
 \\/  ___)| |_)| | | | | || (_| |  ) ) ) )
  '  |____| .__|_| |_|_| |_\__, | / / / /
 =========|_|==============|___/=/_/_/_/
 :: Spring Boot ::                (v3.1.3)

2023-09-06T14:46:08.721+09:00  INFO 5824 --- [    Test worker] k.a.k.c.repository.MemberRepositoryTest  : Starting MemberRepositoryTest using Java 17.0.8 with PID 5824 (started by AI510-28 in D:\CarProject\CarGudock)
2023-09-06T14:46:08.723+09:00  INFO 5824 --- [    Test worker] k.a.k.c.repository.MemberRepositoryTest  : No active profile set, falling back to 1 default profile: "default"
2023-09-06T14:46:09.546+09:00  INFO 5824 --- [    Test worker] .s.d.r.c.RepositoryConfigurationDelegate : Bootstrapping Spring Data JPA repositories in DEFAULT mode.
2023-09-06T14:46:09.622+09:00  INFO 5824 --- [    Test worker] .s.d.r.c.RepositoryConfigurationDelegate : Finished Spring Data repository scanning in 61 ms. Found 2 JPA repository interfaces.
2023-09-06T14:46:10.246+09:00  INFO 5824 --- [    Test worker] o.hibernate.jpa.internal.util.LogHelper  : HHH000204: Processing PersistenceUnitInfo [name: default]
2023-09-06T14:46:10.313+09:00  INFO 5824 --- [    Test worker] org.hibernate.Version                    : HHH000412: Hibernate ORM core version 6.2.7.Final
2023-09-06T14:46:10.316+09:00  INFO 5824 --- [    Test worker] org.hibernate.cfg.Environment            : HHH000406: Using bytecode reflection optimizer
2023-09-06T14:46:10.486+09:00  INFO 5824 --- [    Test worker] o.h.b.i.BytecodeProviderInitiator        : HHH000021: Bytecode provider name : bytebuddy
2023-09-06T14:46:10.648+09:00  INFO 5824 --- [    Test worker] o.s.o.j.p.SpringPersistenceUnitInfo      : No LoadTimeWeaver setup: ignoring JPA class transformer
2023-09-06T14:46:10.667+09:00  INFO 5824 --- [    Test worker] com.zaxxer.hikari.HikariDataSource       : HikariPool-1 - Starting...
2023-09-06T14:46:10.809+09:00  INFO 5824 --- [    Test worker] com.zaxxer.hikari.pool.HikariPool        : HikariPool-1 - Added connection org.mariadb.jdbc.Connection@3d4ecc67
2023-09-06T14:46:10.812+09:00  INFO 5824 --- [    Test worker] com.zaxxer.hikari.HikariDataSource       : HikariPool-1 - Start completed.
2023-09-06T14:46:11.176+09:00  INFO 5824 --- [    Test worker] o.h.b.i.BytecodeProviderInitiator        : HHH000021: Bytecode provider name : bytebuddy
2023-09-06T14:46:11.916+09:00  INFO 5824 --- [    Test worker] o.h.e.t.j.p.i.JtaPlatformInitiator       : HHH000490: Using JtaPlatform implementation: [org.hibernate.engine.transaction.jta.platform.internal.NoJtaPlatform]
Hibernate: 
    alter table if exists car 
       modify column moddate  datetime(6)
Hibernate: 
    alter table if exists car 
       modify column regdate  datetime(6)
Hibernate: 
    alter table if exists member 
       modify column moddate  datetime(6)
Hibernate: 
    alter table if exists member 
       modify column regdate  datetime(6)
2023-09-06T14:46:12.066+09:00  INFO 5824 --- [    Test worker] j.LocalContainerEntityManagerFactoryBean : Initialized JPA EntityManagerFactory for persistence unit 'default'
2023-09-06T14:46:12.340+09:00  WARN 5824 --- [    Test worker] JpaBaseConfiguration$JpaWebConfiguration : spring.jpa.open-in-view is enabled by default. Therefore, database queries may be performed during view rendering. Explicitly configure spring.jpa.open-in-view to disable this warning
2023-09-06T14:46:13.413+09:00  INFO 5824 --- [    Test worker] k.a.k.c.repository.MemberRepositoryTest  : Started MemberRepositoryTest in 4.988 seconds (process running for 6.546)
Hibernate: 
    select
        m1_0.email,
        m1_0.moddate,
        m1_0.name,
        m1_0.password,
        m1_0.regdate 
    from
        member m1_0 
    where
        m1_0.email=?
Hibernate: 
    insert 
    into
        member
        (moddate,name,password,regdate,email) 
    values
        (?,?,?,?,?)
Hibernate: 
    select
        m1_0.email,
        m1_0.moddate,
        m1_0.name,
        m1_0.password,
        m1_0.regdate 
    from
        member m1_0 
    where
        m1_0.email=?
Hibernate: 
    insert 
    into
        member
        (moddate,name,password,regdate,email) 
    values
        (?,?,?,?,?)
Hibernate: 
    select
        m1_0.email,
        m1_0.moddate,
        m1_0.name,
        m1_0.password,
        m1_0.regdate 
    from
        member m1_0 
    where
        m1_0.email=?
Hibernate: 
    insert 
    into
        member
        (moddate,name,password,regdate,email) 
    values
        (?,?,?,?,?)
Hibernate: 
    select
        m1_0.email,
        m1_0.moddate,
        m1_0.name,
        m1_0.password,
        m1_0.regdate 
    from
        member m1_0 
    where
        m1_0.email=?
Hibernate: 
    insert 
    into
        member
        (moddate,name,password,regdate,email) 
    values
        (?,?,?,?,?)
Hibernate: 
    select
        m1_0.email,
        m1_0.moddate,
        m1_0.name,
        m1_0.password,
        m1_0.regdate 
    from
        member m1_0 
    where
        m1_0.email=?
Hibernate: 
    insert 
    into
        member
        (moddate,name,password,regdate,email) 
    values
        (?,?,?,?,?)
Hibernate: 
    select
        m1_0.email,
        m1_0.moddate,
        m1_0.name,
        m1_0.password,
        m1_0.regdate 
    from
        member m1_0 
    where
        m1_0.email=?
Hibernate: 
    insert 
    into
        member
        (moddate,name,password,regdate,email) 
    values
        (?,?,?,?,?)
Hibernate: 
    select
        m1_0.email,
        m1_0.moddate,
        m1_0.name,
        m1_0.password,
        m1_0.regdate 
    from
        member m1_0 
    where
        m1_0.email=?
Hibernate: 
    insert 
    into
        member
        (moddate,name,password,regdate,email) 
    values
        (?,?,?,?,?)
Hibernate: 
    select
        m1_0.email,
        m1_0.moddate,
        m1_0.name,
        m1_0.password,
        m1_0.regdate 
    from
        member m1_0 
    where
        m1_0.email=?
Hibernate: 
    insert 
    into
        member
        (moddate,name,password,regdate,email) 
    values
        (?,?,?,?,?)
Hibernate: 
    select
        m1_0.email,
        m1_0.moddate,
        m1_0.name,
        m1_0.password,
        m1_0.regdate 
    from
        member m1_0 
    where
        m1_0.email=?
Hibernate: 
    insert 
    into
        member
        (moddate,name,password,regdate,email) 
    values
        (?,?,?,?,?)
Hibernate: 
    select
        m1_0.email,
        m1_0.moddate,
        m1_0.name,
        m1_0.password,
        m1_0.regdate 
    from
        member m1_0 
    where
        m1_0.email=?
Hibernate: 
    insert 
    into
        member
        (moddate,name,password,regdate,email) 
    values
        (?,?,?,?,?)
Hibernate: 
    select
        m1_0.email,
        m1_0.moddate,
        m1_0.name,
        m1_0.password,
        m1_0.regdate 
    from
        member m1_0 
    where
        m1_0.email=?
Hibernate: 
    insert 
    into
        member
        (moddate,name,password,regdate,email) 
    values
        (?,?,?,?,?)
Hibernate: 
    select
        m1_0.email,
        m1_0.moddate,
        m1_0.name,
        m1_0.password,
        m1_0.regdate 
    from
        member m1_0 
    where
        m1_0.email=?
Hibernate: 
    insert 
    into
        member
        (moddate,name,password,regdate,email) 
    values
        (?,?,?,?,?)
Hibernate: 
    select
        m1_0.email,
        m1_0.moddate,
        m1_0.name,
        m1_0.password,
        m1_0.regdate 
    from
        member m1_0 
    where
        m1_0.email=?
Hibernate: 
    insert 
    into
        member
        (moddate,name,password,regdate,email) 
    values
        (?,?,?,?,?)
Hibernate: 
    select
        m1_0.email,
        m1_0.moddate,
        m1_0.name,
        m1_0.password,
        m1_0.regdate 
    from
        member m1_0 
    where
        m1_0.email=?
Hibernate: 
    insert 
    into
        member
        (moddate,name,password,regdate,email) 
    values
        (?,?,?,?,?)
Hibernate: 
    select
        m1_0.email,
        m1_0.moddate,
        m1_0.name,
        m1_0.password,
        m1_0.regdate 
    from
        member m1_0 
    where
        m1_0.email=?
Hibernate: 
    insert 
    into
        member
        (moddate,name,password,regdate,email) 
    values
        (?,?,?,?,?)
Hibernate: 
    select
        m1_0.email,
        m1_0.moddate,
        m1_0.name,
        m1_0.password,
        m1_0.regdate 
    from
        member m1_0 
    where
        m1_0.email=?
Hibernate: 
    insert 
    into
        member
        (moddate,name,password,regdate,email) 
    values
        (?,?,?,?,?)
Hibernate: 
    select
        m1_0.email,
        m1_0.moddate,
        m1_0.name,
        m1_0.password,
        m1_0.regdate 
    from
        member m1_0 
    where
        m1_0.email=?
Hibernate: 
    insert 
    into
        member
        (moddate,name,password,regdate,email) 
    values
        (?,?,?,?,?)
Hibernate: 
    select
        m1_0.email,
        m1_0.moddate,
        m1_0.name,
        m1_0.password,
        m1_0.regdate 
    from
        member m1_0 
    where
        m1_0.email=?
Hibernate: 
    insert 
    into
        member
        (moddate,name,password,regdate,email) 
    values
        (?,?,?,?,?)
Hibernate: 
    select
        m1_0.email,
        m1_0.moddate,
        m1_0.name,
        m1_0.password,
        m1_0.regdate 
    from
        member m1_0 
    where
        m1_0.email=?
Hibernate: 
    insert 
    into
        member
        (moddate,name,password,regdate,email) 
    values
        (?,?,?,?,?)
Hibernate: 
    select
        m1_0.email,
        m1_0.moddate,
        m1_0.name,
        m1_0.password,
        m1_0.regdate 
    from
        member m1_0 
    where
        m1_0.email=?
Hibernate: 
    insert 
    into
        member
        (moddate,name,password,regdate,email) 
    values
        (?,?,?,?,?)
Hibernate: 
    select
        m1_0.email,
        m1_0.moddate,
        m1_0.name,
        m1_0.password,
        m1_0.regdate 
    from
        member m1_0 
    where
        m1_0.email=?
Hibernate: 
    insert 
    into
        member
        (moddate,name,password,regdate,email) 
    values
        (?,?,?,?,?)
Hibernate: 
    select
        m1_0.email,
        m1_0.moddate,
        m1_0.name,
        m1_0.password,
        m1_0.regdate 
    from
        member m1_0 
    where
        m1_0.email=?
Hibernate: 
    insert 
    into
        member
        (moddate,name,password,regdate,email) 
    values
        (?,?,?,?,?)
Hibernate: 
    select
        m1_0.email,
        m1_0.moddate,
        m1_0.name,
        m1_0.password,
        m1_0.regdate 
    from
        member m1_0 
    where
        m1_0.email=?
Hibernate: 
    insert 
    into
        member
        (moddate,name,password,regdate,email) 
    values
        (?,?,?,?,?)
Hibernate: 
    select
        m1_0.email,
        m1_0.moddate,
        m1_0.name,
        m1_0.password,
        m1_0.regdate 
    from
        member m1_0 
    where
        m1_0.email=?
Hibernate: 
    insert 
    into
        member
        (moddate,name,password,regdate,email) 
    values
        (?,?,?,?,?)
Hibernate: 
    select
        m1_0.email,
        m1_0.moddate,
        m1_0.name,
        m1_0.password,
        m1_0.regdate 
    from
        member m1_0 
    where
        m1_0.email=?
Hibernate: 
    insert 
    into
        member
        (moddate,name,password,regdate,email) 
    values
        (?,?,?,?,?)
Hibernate: 
    select
        m1_0.email,
        m1_0.moddate,
        m1_0.name,
        m1_0.password,
        m1_0.regdate 
    from
        member m1_0 
    where
        m1_0.email=?
Hibernate: 
    insert 
    into
        member
        (moddate,name,password,regdate,email) 
    values
        (?,?,?,?,?)
Hibernate: 
    select
        m1_0.email,
        m1_0.moddate,
        m1_0.name,
        m1_0.password,
        m1_0.regdate 
    from
        member m1_0 
    where
        m1_0.email=?
Hibernate: 
    insert 
    into
        member
        (moddate,name,password,regdate,email) 
    values
        (?,?,?,?,?)
Hibernate: 
    select
        m1_0.email,
        m1_0.moddate,
        m1_0.name,
        m1_0.password,
        m1_0.regdate 
    from
        member m1_0 
    where
        m1_0.email=?
Hibernate: 
    insert 
    into
        member
        (moddate,name,password,regdate,email) 
    values
        (?,?,?,?,?)
Hibernate: 
    select
        m1_0.email,
        m1_0.moddate,
        m1_0.name,
        m1_0.password,
        m1_0.regdate 
    from
        member m1_0 
    where
        m1_0.email=?
Hibernate: 
    insert 
    into
        member
        (moddate,name,password,regdate,email) 
    values
        (?,?,?,?,?)
Hibernate: 
    select
        m1_0.email,
        m1_0.moddate,
        m1_0.name,
        m1_0.password,
        m1_0.regdate 
    from
        member m1_0 
    where
        m1_0.email=?
Hibernate: 
    insert 
    into
        member
        (moddate,name,password,regdate,email) 
    values
        (?,?,?,?,?)
Hibernate: 
    select
        m1_0.email,
        m1_0.moddate,
        m1_0.name,
        m1_0.password,
        m1_0.regdate 
    from
        member m1_0 
    where
        m1_0.email=?
Hibernate: 
    insert 
    into
        member
        (moddate,name,password,regdate,email) 
    values
        (?,?,?,?,?)
Hibernate: 
    select
        m1_0.email,
        m1_0.moddate,
        m1_0.name,
        m1_0.password,
        m1_0.regdate 
    from
        member m1_0 
    where
        m1_0.email=?
Hibernate: 
    insert 
    into
        member
        (moddate,name,password,regdate,email) 
    values
        (?,?,?,?,?)
Hibernate: 
    select
        m1_0.email,
        m1_0.moddate,
        m1_0.name,
        m1_0.password,
        m1_0.regdate 
    from
        member m1_0 
    where
        m1_0.email=?
Hibernate: 
    insert 
    into
        member
        (moddate,name,password,regdate,email) 
    values
        (?,?,?,?,?)
Hibernate: 
    select
        m1_0.email,
        m1_0.moddate,
        m1_0.name,
        m1_0.password,
        m1_0.regdate 
    from
        member m1_0 
    where
        m1_0.email=?
Hibernate: 
    insert 
    into
        member
        (moddate,name,password,regdate,email) 
    values
        (?,?,?,?,?)
Hibernate: 
    select
        m1_0.email,
        m1_0.moddate,
        m1_0.name,
        m1_0.password,
        m1_0.regdate 
    from
        member m1_0 
    where
        m1_0.email=?
Hibernate: 
    insert 
    into
        member
        (moddate,name,password,regdate,email) 
    values
        (?,?,?,?,?)
Hibernate: 
    select
        m1_0.email,
        m1_0.moddate,
        m1_0.name,
        m1_0.password,
        m1_0.regdate 
    from
        member m1_0 
    where
        m1_0.email=?
Hibernate: 
    insert 
    into
        member
        (moddate,name,password,regdate,email) 
    values
        (?,?,?,?,?)
Hibernate: 
    select
        m1_0.email,
        m1_0.moddate,
        m1_0.name,
        m1_0.password,
        m1_0.regdate 
    from
        member m1_0 
    where
        m1_0.email=?
Hibernate: 
    insert 
    into
        member
        (moddate,name,password,regdate,email) 
    values
        (?,?,?,?,?)
Hibernate: 
    select
        m1_0.email,
        m1_0.moddate,
        m1_0.name,
        m1_0.password,
        m1_0.regdate 
    from
        member m1_0 
    where
        m1_0.email=?
Hibernate: 
    insert 
    into
        member
        (moddate,name,password,regdate,email) 
    values
        (?,?,?,?,?)
Hibernate: 
    select
        m1_0.email,
        m1_0.moddate,
        m1_0.name,
        m1_0.password,
        m1_0.regdate 
    from
        member m1_0 
    where
        m1_0.email=?
Hibernate: 
    insert 
    into
        member
        (moddate,name,password,regdate,email) 
    values
        (?,?,?,?,?)
Hibernate: 
    select
        m1_0.email,
        m1_0.moddate,
        m1_0.name,
        m1_0.password,
        m1_0.regdate 
    from
        member m1_0 
    where
        m1_0.email=?
Hibernate: 
    insert 
    into
        member
        (moddate,name,password,regdate,email) 
    values
        (?,?,?,?,?)
Hibernate: 
    select
        m1_0.email,
        m1_0.moddate,
        m1_0.name,
        m1_0.password,
        m1_0.regdate 
    from
        member m1_0 
    where
        m1_0.email=?
Hibernate: 
    insert 
    into
        member
        (moddate,name,password,regdate,email) 
    values
        (?,?,?,?,?)
Hibernate: 
    select
        m1_0.email,
        m1_0.moddate,
        m1_0.name,
        m1_0.password,
        m1_0.regdate 
    from
        member m1_0 
    where
        m1_0.email=?
Hibernate: 
    insert 
    into
        member
        (moddate,name,password,regdate,email) 
    values
        (?,?,?,?,?)
Hibernate: 
    select
        m1_0.email,
        m1_0.moddate,
        m1_0.name,
        m1_0.password,
        m1_0.regdate 
    from
        member m1_0 
    where
        m1_0.email=?
Hibernate: 
    insert 
    into
        member
        (moddate,name,password,regdate,email) 
    values
        (?,?,?,?,?)
Hibernate: 
    select
        m1_0.email,
        m1_0.moddate,
        m1_0.name,
        m1_0.password,
        m1_0.regdate 
    from
        member m1_0 
    where
        m1_0.email=?
Hibernate: 
    insert 
    into
        member
        (moddate,name,password,regdate,email) 
    values
        (?,?,?,?,?)
Hibernate: 
    select
        m1_0.email,
        m1_0.moddate,
        m1_0.name,
        m1_0.password,
        m1_0.regdate 
    from
        member m1_0 
    where
        m1_0.email=?
Hibernate: 
    insert 
    into
        member
        (moddate,name,password,regdate,email) 
    values
        (?,?,?,?,?)
Hibernate: 
    select
        m1_0.email,
        m1_0.moddate,
        m1_0.name,
        m1_0.password,
        m1_0.regdate 
    from
        member m1_0 
    where
        m1_0.email=?
Hibernate: 
    insert 
    into
        member
        (moddate,name,password,regdate,email) 
    values
        (?,?,?,?,?)
Hibernate: 
    select
        m1_0.email,
        m1_0.moddate,
        m1_0.name,
        m1_0.password,
        m1_0.regdate 
    from
        member m1_0 
    where
        m1_0.email=?
Hibernate: 
    insert 
    into
        member
        (moddate,name,password,regdate,email) 
    values
        (?,?,?,?,?)
Hibernate: 
    select
        m1_0.email,
        m1_0.moddate,
        m1_0.name,
        m1_0.password,
        m1_0.regdate 
    from
        member m1_0 
    where
        m1_0.email=?
Hibernate: 
    insert 
    into
        member
        (moddate,name,password,regdate,email) 
    values
        (?,?,?,?,?)
Hibernate: 
    select
        m1_0.email,
        m1_0.moddate,
        m1_0.name,
        m1_0.password,
        m1_0.regdate 
    from
        member m1_0 
    where
        m1_0.email=?
Hibernate: 
    insert 
    into
        member
        (moddate,name,password,regdate,email) 
    values
        (?,?,?,?,?)
Hibernate: 
    select
        m1_0.email,
        m1_0.moddate,
        m1_0.name,
        m1_0.password,
        m1_0.regdate 
    from
        member m1_0 
    where
        m1_0.email=?
Hibernate: 
    insert 
    into
        member
        (moddate,name,password,regdate,email) 
    values
        (?,?,?,?,?)
Hibernate: 
    select
        m1_0.email,
        m1_0.moddate,
        m1_0.name,
        m1_0.password,
        m1_0.regdate 
    from
        member m1_0 
    where
        m1_0.email=?
Hibernate: 
    insert 
    into
        member
        (moddate,name,password,regdate,email) 
    values
        (?,?,?,?,?)
Hibernate: 
    select
        m1_0.email,
        m1_0.moddate,
        m1_0.name,
        m1_0.password,
        m1_0.regdate 
    from
        member m1_0 
    where
        m1_0.email=?
Hibernate: 
    insert 
    into
        member
        (moddate,name,password,regdate,email) 
    values
        (?,?,?,?,?)
Hibernate: 
    select
        m1_0.email,
        m1_0.moddate,
        m1_0.name,
        m1_0.password,
        m1_0.regdate 
    from
        member m1_0 
    where
        m1_0.email=?
Hibernate: 
    insert 
    into
        member
        (moddate,name,password,regdate,email) 
    values
        (?,?,?,?,?)
Hibernate: 
    select
        m1_0.email,
        m1_0.moddate,
        m1_0.name,
        m1_0.password,
        m1_0.regdate 
    from
        member m1_0 
    where
        m1_0.email=?
Hibernate: 
    insert 
    into
        member
        (moddate,name,password,regdate,email) 
    values
        (?,?,?,?,?)
Hibernate: 
    select
        m1_0.email,
        m1_0.moddate,
        m1_0.name,
        m1_0.password,
        m1_0.regdate 
    from
        member m1_0 
    where
        m1_0.email=?
Hibernate: 
    insert 
    into
        member
        (moddate,name,password,regdate,email) 
    values
        (?,?,?,?,?)
Hibernate: 
    select
        m1_0.email,
        m1_0.moddate,
        m1_0.name,
        m1_0.password,
        m1_0.regdate 
    from
        member m1_0 
    where
        m1_0.email=?
Hibernate: 
    insert 
    into
        member
        (moddate,name,password,regdate,email) 
    values
        (?,?,?,?,?)
Hibernate: 
    select
        m1_0.email,
        m1_0.moddate,
        m1_0.name,
        m1_0.password,
        m1_0.regdate 
    from
        member m1_0 
    where
        m1_0.email=?
Hibernate: 
    insert 
    into
        member
        (moddate,name,password,regdate,email) 
    values
        (?,?,?,?,?)
Hibernate: 
    select
        m1_0.email,
        m1_0.moddate,
        m1_0.name,
        m1_0.password,
        m1_0.regdate 
    from
        member m1_0 
    where
        m1_0.email=?
Hibernate: 
    insert 
    into
        member
        (moddate,name,password,regdate,email) 
    values
        (?,?,?,?,?)
Hibernate: 
    select
        m1_0.email,
        m1_0.moddate,
        m1_0.name,
        m1_0.password,
        m1_0.regdate 
    from
        member m1_0 
    where
        m1_0.email=?
Hibernate: 
    insert 
    into
        member
        (moddate,name,password,regdate,email) 
    values
        (?,?,?,?,?)
Hibernate: 
    select
        m1_0.email,
        m1_0.moddate,
        m1_0.name,
        m1_0.password,
        m1_0.regdate 
    from
        member m1_0 
    where
        m1_0.email=?
Hibernate: 
    insert 
    into
        member
        (moddate,name,password,regdate,email) 
    values
        (?,?,?,?,?)
Hibernate: 
    select
        m1_0.email,
        m1_0.moddate,
        m1_0.name,
        m1_0.password,
        m1_0.regdate 
    from
        member m1_0 
    where
        m1_0.email=?
Hibernate: 
    insert 
    into
        member
        (moddate,name,password,regdate,email) 
    values
        (?,?,?,?,?)
Hibernate: 
    select
        m1_0.email,
        m1_0.moddate,
        m1_0.name,
        m1_0.password,
        m1_0.regdate 
    from
        member m1_0 
    where
        m1_0.email=?
Hibernate: 
    insert 
    into
        member
        (moddate,name,password,regdate,email) 
    values
        (?,?,?,?,?)
Hibernate: 
    select
        m1_0.email,
        m1_0.moddate,
        m1_0.name,
        m1_0.password,
        m1_0.regdate 
    from
        member m1_0 
    where
        m1_0.email=?
Hibernate: 
    insert 
    into
        member
        (moddate,name,password,regdate,email) 
    values
        (?,?,?,?,?)
Hibernate: 
    select
        m1_0.email,
        m1_0.moddate,
        m1_0.name,
        m1_0.password,
        m1_0.regdate 
    from
        member m1_0 
    where
        m1_0.email=?
Hibernate: 
    insert 
    into
        member
        (moddate,name,password,regdate,email) 
    values
        (?,?,?,?,?)
Hibernate: 
    select
        m1_0.email,
        m1_0.moddate,
        m1_0.name,
        m1_0.password,
        m1_0.regdate 
    from
        member m1_0 
    where
        m1_0.email=?
Hibernate: 
    insert 
    into
        member
        (moddate,name,password,regdate,email) 
    values
        (?,?,?,?,?)
Hibernate: 
    select
        m1_0.email,
        m1_0.moddate,
        m1_0.name,
        m1_0.password,
        m1_0.regdate 
    from
        member m1_0 
    where
        m1_0.email=?
Hibernate: 
    insert 
    into
        member
        (moddate,name,password,regdate,email) 
    values
        (?,?,?,?,?)
Hibernate: 
    select
        m1_0.email,
        m1_0.moddate,
        m1_0.name,
        m1_0.password,
        m1_0.regdate 
    from
        member m1_0 
    where
        m1_0.email=?
Hibernate: 
    insert 
    into
        member
        (moddate,name,password,regdate,email) 
    values
        (?,?,?,?,?)
Hibernate: 
    select
        m1_0.email,
        m1_0.moddate,
        m1_0.name,
        m1_0.password,
        m1_0.regdate 
    from
        member m1_0 
    where
        m1_0.email=?
Hibernate: 
    insert 
    into
        member
        (moddate,name,password,regdate,email) 
    values
        (?,?,?,?,?)
Hibernate: 
    select
        m1_0.email,
        m1_0.moddate,
        m1_0.name,
        m1_0.password,
        m1_0.regdate 
    from
        member m1_0 
    where
        m1_0.email=?
Hibernate: 
    insert 
    into
        member
        (moddate,name,password,regdate,email) 
    values
        (?,?,?,?,?)
Hibernate: 
    select
        m1_0.email,
        m1_0.moddate,
        m1_0.name,
        m1_0.password,
        m1_0.regdate 
    from
        member m1_0 
    where
        m1_0.email=?
Hibernate: 
    insert 
    into
        member
        (moddate,name,password,regdate,email) 
    values
        (?,?,?,?,?)
Hibernate: 
    select
        m1_0.email,
        m1_0.moddate,
        m1_0.name,
        m1_0.password,
        m1_0.regdate 
    from
        member m1_0 
    where
        m1_0.email=?
Hibernate: 
    insert 
    into
        member
        (moddate,name,password,regdate,email) 
    values
        (?,?,?,?,?)
Hibernate: 
    select
        m1_0.email,
        m1_0.moddate,
        m1_0.name,
        m1_0.password,
        m1_0.regdate 
    from
        member m1_0 
    where
        m1_0.email=?
Hibernate: 
    insert 
    into
        member
        (moddate,name,password,regdate,email) 
    values
        (?,?,?,?,?)
Hibernate: 
    select
        m1_0.email,
        m1_0.moddate,
        m1_0.name,
        m1_0.password,
        m1_0.regdate 
    from
        member m1_0 
    where
        m1_0.email=?
Hibernate: 
    insert 
    into
        member
        (moddate,name,password,regdate,email) 
    values
        (?,?,?,?,?)
Hibernate: 
    select
        m1_0.email,
        m1_0.moddate,
        m1_0.name,
        m1_0.password,
        m1_0.regdate 
    from
        member m1_0 
    where
        m1_0.email=?
Hibernate: 
    insert 
    into
        member
        (moddate,name,password,regdate,email) 
    values
        (?,?,?,?,?)
Hibernate: 
    select
        m1_0.email,
        m1_0.moddate,
        m1_0.name,
        m1_0.password,
        m1_0.regdate 
    from
        member m1_0 
    where
        m1_0.email=?
Hibernate: 
    insert 
    into
        member
        (moddate,name,password,regdate,email) 
    values
        (?,?,?,?,?)
Hibernate: 
    select
        m1_0.email,
        m1_0.moddate,
        m1_0.name,
        m1_0.password,
        m1_0.regdate 
    from
        member m1_0 
    where
        m1_0.email=?
Hibernate: 
    insert 
    into
        member
        (moddate,name,password,regdate,email) 
    values
        (?,?,?,?,?)
Hibernate: 
    select
        m1_0.email,
        m1_0.moddate,
        m1_0.name,
        m1_0.password,
        m1_0.regdate 
    from
        member m1_0 
    where
        m1_0.email=?
Hibernate: 
    insert 
    into
        member
        (moddate,name,password,regdate,email) 
    values
        (?,?,?,?,?)
Hibernate: 
    select
        m1_0.email,
        m1_0.moddate,
        m1_0.name,
        m1_0.password,
        m1_0.regdate 
    from
        member m1_0 
    where
        m1_0.email=?
Hibernate: 
    insert 
    into
        member
        (moddate,name,password,regdate,email) 
    values
        (?,?,?,?,?)
Hibernate: 
    select
        m1_0.email,
        m1_0.moddate,
        m1_0.name,
        m1_0.password,
        m1_0.regdate 
    from
        member m1_0 
    where
        m1_0.email=?
Hibernate: 
    insert 
    into
        member
        (moddate,name,password,regdate,email) 
    values
        (?,?,?,?,?)
Hibernate: 
    select
        m1_0.email,
        m1_0.moddate,
        m1_0.name,
        m1_0.password,
        m1_0.regdate 
    from
        member m1_0 
    where
        m1_0.email=?
Hibernate: 
    insert 
    into
        member
        (moddate,name,password,regdate,email) 
    values
        (?,?,?,?,?)
Hibernate: 
    select
        m1_0.email,
        m1_0.moddate,
        m1_0.name,
        m1_0.password,
        m1_0.regdate 
    from
        member m1_0 
    where
        m1_0.email=?
Hibernate: 
    insert 
    into
        member
        (moddate,name,password,regdate,email) 
    values
        (?,?,?,?,?)
Hibernate: 
    select
        m1_0.email,
        m1_0.moddate,
        m1_0.name,
        m1_0.password,
        m1_0.regdate 
    from
        member m1_0 
    where
        m1_0.email=?
Hibernate: 
    insert 
    into
        member
        (moddate,name,password,regdate,email) 
    values
        (?,?,?,?,?)
Hibernate: 
    select
        m1_0.email,
        m1_0.moddate,
        m1_0.name,
        m1_0.password,
        m1_0.regdate 
    from
        member m1_0 
    where
        m1_0.email=?
Hibernate: 
    insert 
    into
        member
        (moddate,name,password,regdate,email) 
    values
        (?,?,?,?,?)
Hibernate: 
    select
        m1_0.email,
        m1_0.moddate,
        m1_0.name,
        m1_0.password,
        m1_0.regdate 
    from
        member m1_0 
    where
        m1_0.email=?
Hibernate: 
    insert 
    into
        member
        (moddate,name,password,regdate,email) 
    values
        (?,?,?,?,?)
Hibernate: 
    select
        m1_0.email,
        m1_0.moddate,
        m1_0.name,
        m1_0.password,
        m1_0.regdate 
    from
        member m1_0 
    where
        m1_0.email=?
Hibernate: 
    insert 
    into
        member
        (moddate,name,password,regdate,email) 
    values
        (?,?,?,?,?)
Hibernate: 
    select
        m1_0.email,
        m1_0.moddate,
        m1_0.name,
        m1_0.password,
        m1_0.regdate 
    from
        member m1_0 
    where
        m1_0.email=?
Hibernate: 
    insert 
    into
        member
        (moddate,name,password,regdate,email) 
    values
        (?,?,?,?,?)
Hibernate: 
    select
        m1_0.email,
        m1_0.moddate,
        m1_0.name,
        m1_0.password,
        m1_0.regdate 
    from
        member m1_0 
    where
        m1_0.email=?
Hibernate: 
    insert 
    into
        member
        (moddate,name,password,regdate,email) 
    values
        (?,?,?,?,?)
Hibernate: 
    select
        m1_0.email,
        m1_0.moddate,
        m1_0.name,
        m1_0.password,
        m1_0.regdate 
    from
        member m1_0 
    where
        m1_0.email=?
Hibernate: 
    insert 
    into
        member
        (moddate,name,password,regdate,email) 
    values
        (?,?,?,?,?)
Hibernate: 
    select
        m1_0.email,
        m1_0.moddate,
        m1_0.name,
        m1_0.password,
        m1_0.regdate 
    from
        member m1_0 
    where
        m1_0.email=?
Hibernate: 
    insert 
    into
        member
        (moddate,name,password,regdate,email) 
    values
        (?,?,?,?,?)
Hibernate: 
    select
        m1_0.email,
        m1_0.moddate,
        m1_0.name,
        m1_0.password,
        m1_0.regdate 
    from
        member m1_0 
    where
        m1_0.email=?
Hibernate: 
    insert 
    into
        member
        (moddate,name,password,regdate,email) 
    values
        (?,?,?,?,?)
Hibernate: 
    select
        m1_0.email,
        m1_0.moddate,
        m1_0.name,
        m1_0.password,
        m1_0.regdate 
    from
        member m1_0 
    where
        m1_0.email=?
Hibernate: 
    insert 
    into
        member
        (moddate,name,password,regdate,email) 
    values
        (?,?,?,?,?)
Hibernate: 
    select
        m1_0.email,
        m1_0.moddate,
        m1_0.name,
        m1_0.password,
        m1_0.regdate 
    from
        member m1_0 
    where
        m1_0.email=?
Hibernate: 
    insert 
    into
        member
        (moddate,name,password,regdate,email) 
    values
        (?,?,?,?,?)
Hibernate: 
    select
        m1_0.email,
        m1_0.moddate,
        m1_0.name,
        m1_0.password,
        m1_0.regdate 
    from
        member m1_0 
    where
        m1_0.email=?
Hibernate: 
    insert 
    into
        member
        (moddate,name,password,regdate,email) 
    values
        (?,?,?,?,?)
Hibernate: 
    select
        m1_0.email,
        m1_0.moddate,
        m1_0.name,
        m1_0.password,
        m1_0.regdate 
    from
        member m1_0 
    where
        m1_0.email=?
Hibernate: 
    insert 
    into
        member
        (moddate,name,password,regdate,email) 
    values
        (?,?,?,?,?)
Hibernate: 
    select
        m1_0.email,
        m1_0.moddate,
        m1_0.name,
        m1_0.password,
        m1_0.regdate 
    from
        member m1_0 
    where
        m1_0.email=?
Hibernate: 
    insert 
    into
        member
        (moddate,name,password,regdate,email) 
    values
        (?,?,?,?,?)
Hibernate: 
    select
        m1_0.email,
        m1_0.moddate,
        m1_0.name,
        m1_0.password,
        m1_0.regdate 
    from
        member m1_0 
    where
        m1_0.email=?
Hibernate: 
    insert 
    into
        member
        (moddate,name,password,regdate,email) 
    values
        (?,?,?,?,?)
Hibernate: 
    select
        m1_0.email,
        m1_0.moddate,
        m1_0.name,
        m1_0.password,
        m1_0.regdate 
    from
        member m1_0 
    where
        m1_0.email=?
Hibernate: 
    insert 
    into
        member
        (moddate,name,password,regdate,email) 
    values
        (?,?,?,?,?)
Hibernate: 
    select
        m1_0.email,
        m1_0.moddate,
        m1_0.name,
        m1_0.password,
        m1_0.regdate 
    from
        member m1_0 
    where
        m1_0.email=?
Hibernate: 
    insert 
    into
        member
        (moddate,name,password,regdate,email) 
    values
        (?,?,?,?,?)
Hibernate: 
    select
        m1_0.email,
        m1_0.moddate,
        m1_0.name,
        m1_0.password,
        m1_0.regdate 
    from
        member m1_0 
    where
        m1_0.email=?
Hibernate: 
    insert 
    into
        member
        (moddate,name,password,regdate,email) 
    values
        (?,?,?,?,?)
Hibernate: 
    select
        m1_0.email,
        m1_0.moddate,
        m1_0.name,
        m1_0.password,
        m1_0.regdate 
    from
        member m1_0 
    where
        m1_0.email=?
Hibernate: 
    insert 
    into
        member
        (moddate,name,password,regdate,email) 
    values
        (?,?,?,?,?)
]]></system-out>
  <system-err><![CDATA[]]></system-err>
</testsuite>
